# JRE version: OpenJDK Runtime Environment (8.0_202-b03) (build 1.8.0_202-release-1483-b03)
# Java VM: OpenJDK 64-Bit Server VM (25.202-b03 mixed mode windows-amd64 compressed oops)
Heap:
 PSYoungGen      total 115200K, used 71134K [0x00000000e0000000, 0x00000000e9f00000, 0x0000000100000000)
  eden space 104448K, 68% used [0x00000000e0000000,0x00000000e4577bb0,0x00000000e6600000)
  from space 10752K, 0% used [0x00000000e6600000,0x00000000e6600000,0x00000000e7080000)
  to   space 11264K, 0% used [0x00000000e9400000,0x00000000e9400000,0x00000000e9f00000)
 ParOldGen       total 87552K, used 16500K [0x00000000a0000000, 0x00000000a5580000, 0x00000000e0000000)
  object space 87552K, 18% used [0x00000000a0000000,0x00000000a101d0e0,0x00000000a5580000)
 Metaspace       used 42598K, capacity 43530K, committed 43648K, reserved 1087488K
  class space    used 5754K, capacity 5997K, committed 6016K, reserved 1048576K
GC Heap History (10 events):
Event: 8.848 GC heap before
{Heap before GC invocations=7 (full 1):
 PSYoungGen      total 75264K, used 7525K [0x00000000e0000000, 0x00000000e5400000, 0x0000000100000000)
  eden space 65536K, 0% used [0x00000000e0000000,0x00000000e0000000,0x00000000e4000000)
  from space 9728K, 77% used [0x00000000e4a80000,0x00000000e51d9748,0x00000000e5400000)
  to   space 10240K, 0% used [0x00000000e4000000,0x00000000e4000000,0x00000000e4a00000)
 ParOldGen       total 86016K, used 9013K [0x00000000a0000000, 0x00000000a5400000, 0x00000000e0000000)
  object space 86016K, 10% used [0x00000000a0000000,0x00000000a08cd798,0x00000000a5400000)
 Metaspace       used 20665K, capacity 21162K, committed 21296K, reserved 1067008K
  class space    used 2957K, capacity 3123K, committed 3200K, reserved 1048576K
Event: 8.948 GC heap after
Heap after GC invocations=7 (full 1):
 PSYoungGen      total 75264K, used 0K [0x00000000e0000000, 0x00000000e5400000, 0x0000000100000000)
  eden space 65536K, 0% used [0x00000000e0000000,0x00000000e0000000,0x00000000e4000000)
  from space 9728K, 0% used [0x00000000e4a80000,0x00000000e4a80000,0x00000000e5400000)
  to   space 10240K, 0% used [0x00000000e4000000,0x00000000e4000000,0x00000000e4a00000)
 ParOldGen       total 58368K, used 8799K [0x00000000a0000000, 0x00000000a3900000, 0x00000000e0000000)
  object space 58368K, 15% used [0x00000000a0000000,0x00000000a0897e70,0x00000000a3900000)
 Metaspace       used 20665K, capacity 21162K, committed 21296K, reserved 1067008K
  class space    used 2957K, capacity 3123K, committed 3200K, reserved 1048576K
}
Event: 10.723 GC heap before
{Heap before GC invocations=8 (full 1):
 PSYoungGen      total 75264K, used 65536K [0x00000000e0000000, 0x00000000e5400000, 0x0000000100000000)
  eden space 65536K, 100% used [0x00000000e0000000,0x00000000e4000000,0x00000000e4000000)
  from space 9728K, 0% used [0x00000000e4a80000,0x00000000e4a80000,0x00000000e5400000)
  to   space 10240K, 0% used [0x00000000e4000000,0x00000000e4000000,0x00000000e4a00000)
 ParOldGen       total 58368K, used 8799K [0x00000000a0000000, 0x00000000a3900000, 0x00000000e0000000)
  object space 58368K, 15% used [0x00000000a0000000,0x00000000a0897e70,0x00000000a3900000)
 Metaspace       used 29071K, capacity 29630K, committed 30080K, reserved 1075200K
  class space    used 3917K, capacity 4100K, committed 4224K, reserved 1048576K
Event: 10.733 GC heap after
Heap after GC invocations=8 (full 1):
 PSYoungGen      total 75776K, used 8093K [0x00000000e0000000, 0x00000000e7b00000, 0x0000000100000000)
  eden space 65536K, 0% used [0x00000000e0000000,0x00000000e0000000,0x00000000e4000000)
  from space 10240K, 79% used [0x00000000e4000000,0x00000000e47e7680,0x00000000e4a00000)
  to   space 10752K, 0% used [0x00000000e7080000,0x00000000e7080000,0x00000000e7b00000)
 ParOldGen       total 58368K, used 8807K [0x00000000a0000000, 0x00000000a3900000, 0x00000000e0000000)
  object space 58368K, 15% used [0x00000000a0000000,0x00000000a0899e70,0x00000000a3900000)
 Metaspace       used 29071K, capacity 29630K, committed 30080K, reserved 1075200K
  class space    used 3917K, capacity 4100K, committed 4224K, reserved 1048576K
}
Event: 12.065 GC heap before
{Heap before GC invocations=9 (full 1):
 PSYoungGen      total 75776K, used 73629K [0x00000000e0000000, 0x00000000e7b00000, 0x0000000100000000)
  eden space 65536K, 100% used [0x00000000e0000000,0x00000000e4000000,0x00000000e4000000)
  from space 10240K, 79% used [0x00000000e4000000,0x00000000e47e7680,0x00000000e4a00000)
  to   space 10752K, 0% used [0x00000000e7080000,0x00000000e7080000,0x00000000e7b00000)
 ParOldGen       total 58368K, used 8807K [0x00000000a0000000, 0x00000000a3900000, 0x00000000e0000000)
  object space 58368K, 15% used [0x00000000a0000000,0x00000000a0899e70,0x00000000a3900000)
 Metaspace       used 32336K, capacity 32930K, committed 33152K, reserved 1077248K
  class space    used 4452K, capacity 4624K, committed 4736K, reserved 1048576K
Event: 12.092 GC heap after
Heap after GC invocations=9 (full 1):
 PSYoungGen      total 115200K, used 8537K [0x00000000e0000000, 0x00000000e7c00000, 0x0000000100000000)
  eden space 104448K, 0% used [0x00000000e0000000,0x00000000e0000000,0x00000000e6600000)
  from space 10752K, 79% used [0x00000000e7080000,0x00000000e78d6760,0x00000000e7b00000)
  to   space 10752K, 0% used [0x00000000e6600000,0x00000000e6600000,0x00000000e7080000)
 ParOldGen       total 58368K, used 8815K [0x00000000a0000000, 0x00000000a3900000, 0x00000000e0000000)
  object space 58368K, 15% used [0x00000000a0000000,0x00000000a089be70,0x00000000a3900000)
 Metaspace       used 32336K, capacity 32930K, committed 33152K, reserved 1077248K
  class space    used 4452K, capacity 4624K, committed 4736K, reserved 1048576K
}
Event: 13.726 GC heap before
{Heap before GC invocations=10 (full 1):
 PSYoungGen      total 115200K, used 55258K [0x00000000e0000000, 0x00000000e7c00000, 0x0000000100000000)
  eden space 104448K, 44% used [0x00000000e0000000,0x00000000e2da02f0,0x00000000e6600000)
  from space 10752K, 79% used [0x00000000e7080000,0x00000000e78d6760,0x00000000e7b00000)
  to   space 10752K, 0% used [0x00000000e6600000,0x00000000e6600000,0x00000000e7080000)
 ParOldGen       total 58368K, used 8815K [0x00000000a0000000, 0x00000000a3900000, 0x00000000e0000000)
  object space 58368K, 15% used [0x00000000a0000000,0x00000000a089be70,0x00000000a3900000)
 Metaspace       used 34604K, capacity 35372K, committed 35456K, reserved 1079296K
  class space    used 4767K, capacity 4963K, committed 4992K, reserved 1048576K
Event: 13.739 GC heap after
Heap after GC invocations=10 (full 1):
 PSYoungGen      total 115200K, used 9374K [0x00000000e0000000, 0x00000000e9f00000, 0x0000000100000000)
  eden space 104448K, 0% used [0x00000000e0000000,0x00000000e0000000,0x00000000e6600000)
  from space 10752K, 87% used [0x00000000e6600000,0x00000000e6f278b8,0x00000000e7080000)
  to   space 11264K, 0% used [0x00000000e9400000,0x00000000e9400000,0x00000000e9f00000)
 ParOldGen       total 58368K, used 8823K [0x00000000a0000000, 0x00000000a3900000, 0x00000000e0000000)
  object space 58368K, 15% used [0x00000000a0000000,0x00000000a089de70,0x00000000a3900000)
 Metaspace       used 34604K, capacity 35372K, committed 35456K, reserved 1079296K
  class space    used 4767K, capacity 4963K, committed 4992K, reserved 1048576K
}
Event: 13.739 GC heap before
{Heap before GC invocations=11 (full 2):
 PSYoungGen      total 115200K, used 9374K [0x00000000e0000000, 0x00000000e9f00000, 0x0000000100000000)
  eden space 104448K, 0% used [0x00000000e0000000,0x00000000e0000000,0x00000000e6600000)
  from space 10752K, 87% used [0x00000000e6600000,0x00000000e6f278b8,0x00000000e7080000)
  to   space 11264K, 0% used [0x00000000e9400000,0x00000000e9400000,0x00000000e9f00000)
 ParOldGen       total 58368K, used 8823K [0x00000000a0000000, 0x00000000a3900000, 0x00000000e0000000)
  object space 58368K, 15% used [0x00000000a0000000,0x00000000a089de70,0x00000000a3900000)
 Metaspace       used 34604K, capacity 35372K, committed 35456K, reserved 1079296K
  class space    used 4767K, capacity 4963K, committed 4992K, reserved 1048576K
Event: 13.824 GC heap after
Heap after GC invocations=11 (full 2):
 PSYoungGen      total 115200K, used 0K [0x00000000e0000000, 0x00000000e9f00000, 0x0000000100000000)
  eden space 104448K, 0% used [0x00000000e0000000,0x00000000e0000000,0x00000000e6600000)
  from space 10752K, 0% used [0x00000000e6600000,0x00000000e6600000,0x00000000e7080000)
  to   space 11264K, 0% used [0x00000000e9400000,0x00000000e9400000,0x00000000e9f00000)
 ParOldGen       total 87552K, used 16500K [0x00000000a0000000, 0x00000000a5580000, 0x00000000e0000000)
  object space 87552K, 18% used [0x00000000a0000000,0x00000000a101d0e0,0x00000000a5580000)
 Metaspace       used 34579K, capacity 35288K, committed 35456K, reserved 1079296K
  class space    used 4760K, capacity 4949K, committed 4992K, reserved 1048576K
}

