# JRE version: OpenJDK Runtime Environment (8.0_202-b03) (build 1.8.0_202-release-1483-b03)
# Java VM: OpenJDK 64-Bit Server VM (25.202-b03 mixed mode windows-amd64 compressed oops)
Heap:
 PSYoungGen      total 274944K, used 116181K [0x00000000e0000000, 0x00000000f5800000, 0x0000000100000000)
  eden space 247808K, 35% used [0x00000000e0000000,0x00000000e56fa928,0x00000000ef200000)
  from space 27136K, 99% used [0x00000000ef200000,0x00000000f0c7ae10,0x00000000f0c80000)
  to   space 40448K, 0% used [0x00000000f3080000,0x00000000f3080000,0x00000000f5800000)
 ParOldGen       total 123904K, used 94369K [0x00000000a0000000, 0x00000000a7900000, 0x00000000e0000000)
  object space 123904K, 76% used [0x00000000a0000000,0x00000000a5c28798,0x00000000a7900000)
 Metaspace       used 83588K, capacity 87290K, committed 87552K, reserved 1124352K
  class space    used 10991K, capacity 11677K, committed 11776K, reserved 1048576K
GC Heap History (10 events):
Event: 380.719 GC heap before
{Heap before GC invocations=18 (full 3):
 PSYoungGen      total 222720K, used 222707K [0x00000000e0000000, 0x00000000f1400000, 0x0000000100000000)
  eden space 202752K, 100% used [0x00000000e0000000,0x00000000ec600000,0x00000000ec600000)
  from space 19968K, 99% used [0x00000000ee600000,0x00000000ef97ce98,0x00000000ef980000)
  to   space 32768K, 0% used [0x00000000ec600000,0x00000000ec600000,0x00000000ee600000)
 ParOldGen       total 123904K, used 55479K [0x00000000a0000000, 0x00000000a7900000, 0x00000000e0000000)
  object space 123904K, 44% used [0x00000000a0000000,0x00000000a362ddf8,0x00000000a7900000)
 Metaspace       used 81153K, capacity 84402K, committed 84608K, reserved 1122304K
  class space    used 10916K, capacity 11549K, committed 11648K, reserved 1048576K
Event: 381.027 GC heap after
Heap after GC invocations=18 (full 3):
 PSYoungGen      total 235520K, used 10550K [0x00000000e0000000, 0x00000000f2d00000, 0x0000000100000000)
  eden space 202752K, 0% used [0x00000000e0000000,0x00000000e0000000,0x00000000ec600000)
  from space 32768K, 32% used [0x00000000ec600000,0x00000000ed04da08,0x00000000ee600000)
  to   space 31232K, 0% used [0x00000000f0e80000,0x00000000f0e80000,0x00000000f2d00000)
 ParOldGen       total 123904K, used 69274K [0x00000000a0000000, 0x00000000a7900000, 0x00000000e0000000)
  object space 123904K, 55% used [0x00000000a0000000,0x00000000a43a6a00,0x00000000a7900000)
 Metaspace       used 81153K, capacity 84402K, committed 84608K, reserved 1122304K
  class space    used 10916K, capacity 11549K, committed 11648K, reserved 1048576K
}
Event: 494.283 GC heap before
{Heap before GC invocations=19 (full 3):
 PSYoungGen      total 235520K, used 213297K [0x00000000e0000000, 0x00000000f2d00000, 0x0000000100000000)
  eden space 202752K, 99% used [0x00000000e0000000,0x00000000ec5fec60,0x00000000ec600000)
  from space 32768K, 32% used [0x00000000ec600000,0x00000000ed04da08,0x00000000ee600000)
  to   space 31232K, 0% used [0x00000000f0e80000,0x00000000f0e80000,0x00000000f2d00000)
 ParOldGen       total 123904K, used 69274K [0x00000000a0000000, 0x00000000a7900000, 0x00000000e0000000)
  object space 123904K, 55% used [0x00000000a0000000,0x00000000a43a6a00,0x00000000a7900000)
 Metaspace       used 82044K, capacity 85388K, committed 85632K, reserved 1124352K
  class space    used 10936K, capacity 11578K, committed 11648K, reserved 1048576K
Event: 494.595 GC heap after
Heap after GC invocations=19 (full 3):
 PSYoungGen      total 262656K, used 12193K [0x00000000e0000000, 0x00000000f2480000, 0x0000000100000000)
  eden space 240128K, 0% used [0x00000000e0000000,0x00000000e0000000,0x00000000eea80000)
  from space 22528K, 54% used [0x00000000f0e80000,0x00000000f1a684b8,0x00000000f2480000)
  to   space 29696K, 0% used [0x00000000eea80000,0x00000000eea80000,0x00000000f0780000)
 ParOldGen       total 123904K, used 69282K [0x00000000a0000000, 0x00000000a7900000, 0x00000000e0000000)
  object space 123904K, 55% used [0x00000000a0000000,0x00000000a43a8a00,0x00000000a7900000)
 Metaspace       used 82044K, capacity 85388K, committed 85632K, reserved 1124352K
  class space    used 10936K, capacity 11578K, committed 11648K, reserved 1048576K
}
Event: 793.295 GC heap before
{Heap before GC invocations=20 (full 3):
 PSYoungGen      total 262656K, used 252321K [0x00000000e0000000, 0x00000000f2480000, 0x0000000100000000)
  eden space 240128K, 100% used [0x00000000e0000000,0x00000000eea80000,0x00000000eea80000)
  from space 22528K, 54% used [0x00000000f0e80000,0x00000000f1a684b8,0x00000000f2480000)
  to   space 29696K, 0% used [0x00000000eea80000,0x00000000eea80000,0x00000000f0780000)
 ParOldGen       total 123904K, used 69282K [0x00000000a0000000, 0x00000000a7900000, 0x00000000e0000000)
  object space 123904K, 55% used [0x00000000a0000000,0x00000000a43a8a00,0x00000000a7900000)
 Metaspace       used 82588K, capacity 85956K, committed 86144K, reserved 1124352K
  class space    used 10954K, capacity 11608K, committed 11648K, reserved 1048576K
Event: 793.437 GC heap after
Heap after GC invocations=20 (full 3):
 PSYoungGen      total 269824K, used 11841K [0x00000000e0000000, 0x00000000f3900000, 0x0000000100000000)
  eden space 240128K, 0% used [0x00000000e0000000,0x00000000e0000000,0x00000000eea80000)
  from space 29696K, 39% used [0x00000000eea80000,0x00000000ef6104e8,0x00000000f0780000)
  to   space 28160K, 0% used [0x00000000f1d80000,0x00000000f1d80000,0x00000000f3900000)
 ParOldGen       total 123904K, used 69290K [0x00000000a0000000, 0x00000000a7900000, 0x00000000e0000000)
  object space 123904K, 55% used [0x00000000a0000000,0x00000000a43aaa00,0x00000000a7900000)
 Metaspace       used 82588K, capacity 85956K, committed 86144K, reserved 1124352K
  class space    used 10954K, capacity 11608K, committed 11648K, reserved 1048576K
}
Event: 1492.498 GC heap before
{Heap before GC invocations=21 (full 3):
 PSYoungGen      total 269824K, used 251953K [0x00000000e0000000, 0x00000000f3900000, 0x0000000100000000)
  eden space 240128K, 99% used [0x00000000e0000000,0x00000000eea7c0e0,0x00000000eea80000)
  from space 29696K, 39% used [0x00000000eea80000,0x00000000ef6104e8,0x00000000f0780000)
  to   space 28160K, 0% used [0x00000000f1d80000,0x00000000f1d80000,0x00000000f3900000)
 ParOldGen       total 123904K, used 69290K [0x00000000a0000000, 0x00000000a7900000, 0x00000000e0000000)
  object space 123904K, 55% used [0x00000000a0000000,0x00000000a43aaa00,0x00000000a7900000)
 Metaspace       used 83038K, capacity 86566K, committed 86656K, reserved 1124352K
  class space    used 10962K, capacity 11623K, committed 11648K, reserved 1048576K
Event: 1492.593 GC heap after
Heap after GC invocations=21 (full 3):
 PSYoungGen      total 241152K, used 9361K [0x00000000e0000000, 0x00000000f2700000, 0x0000000100000000)
  eden space 231424K, 0% used [0x00000000e0000000,0x00000000e0000000,0x00000000ee200000)
  from space 9728K, 96% used [0x00000000f1d80000,0x00000000f26a4618,0x00000000f2700000)
  to   space 27136K, 0% used [0x00000000ef200000,0x00000000ef200000,0x00000000f0c80000)
 ParOldGen       total 123904K, used 69298K [0x00000000a0000000, 0x00000000a7900000, 0x00000000e0000000)
  object space 123904K, 55% used [0x00000000a0000000,0x00000000a43aca00,0x00000000a7900000)
 Metaspace       used 83038K, capacity 86566K, committed 86656K, reserved 1124352K
  class space    used 10962K, capacity 11623K, committed 11648K, reserved 1048576K
}
Event: 1498.343 GC heap before
{Heap before GC invocations=22 (full 3):
 PSYoungGen      total 241152K, used 240785K [0x00000000e0000000, 0x00000000f2700000, 0x0000000100000000)
  eden space 231424K, 100% used [0x00000000e0000000,0x00000000ee200000,0x00000000ee200000)
  from space 9728K, 96% used [0x00000000f1d80000,0x00000000f26a4618,0x00000000f2700000)
  to   space 27136K, 0% used [0x00000000ef200000,0x00000000ef200000,0x00000000f0c80000)
 ParOldGen       total 123904K, used 69298K [0x00000000a0000000, 0x00000000a7900000, 0x00000000e0000000)
  object space 123904K, 55% used [0x00000000a0000000,0x00000000a43aca00,0x00000000a7900000)
 Metaspace       used 83251K, capacity 86708K, committed 86912K, reserved 1124352K
  class space    used 10963K, capacity 11624K, committed 11648K, reserved 1048576K
Event: 1498.678 GC heap after
Heap after GC invocations=22 (full 3):
 PSYoungGen      total 274944K, used 27115K [0x00000000e0000000, 0x00000000f5800000, 0x0000000100000000)
  eden space 247808K, 0% used [0x00000000e0000000,0x00000000e0000000,0x00000000ef200000)
  from space 27136K, 99% used [0x00000000ef200000,0x00000000f0c7ae10,0x00000000f0c80000)
  to   space 40448K, 0% used [0x00000000f3080000,0x00000000f3080000,0x00000000f5800000)
 ParOldGen       total 123904K, used 94369K [0x00000000a0000000, 0x00000000a7900000, 0x00000000e0000000)
  object space 123904K, 76% used [0x00000000a0000000,0x00000000a5c28798,0x00000000a7900000)
 Metaspace       used 83251K, capacity 86708K, committed 86912K, reserved 1124352K
  class space    used 10963K, capacity 11624K, committed 11648K, reserved 1048576K
}

